2023-08-10T16:29:01.852Z - info: [ui] [AppStore] loading 0 repositories from store
2023-08-10T16:29:01.900Z - info: [ui] [Welcome] no sign in step found. ignoring...
2023-08-10T16:29:01.910Z - info: [ui] launching: 3.2.7-linux2 (Linux 6.4.9-zen1-1-zen)
2023-08-10T16:29:01.910Z - info: [ui] execPath: '/opt/github-desktop/github-desktop'
2023-08-10T16:29:02.045Z - info: [ui] [Welcome] no sign in step found. ignoring...
2023-08-10T16:29:02.084Z - info: [ui] Opt in reported.
2023-08-10T16:29:02.469Z - info: [ui] [Welcome] no sign in step found. ignoring...
2023-08-10T16:29:02.621Z - info: [ui] [Welcome] no sign in step found. ignoring...
2023-08-10T16:29:03.729Z - info: [ui] [Welcome] no sign in step found. ignoring...
2023-08-10T16:29:04.072Z - info: [ui] [Welcome] no sign in step found. ignoring...
2023-08-10T16:29:04.294Z - info: [ui] [Welcome] no sign in step found. ignoring...
2023-08-10T16:29:06.310Z - info: [ui] [Welcome] advancing to step: SignInToDotComWithBrowser
2023-08-10T16:29:06.311Z - info: [ui] [SignInStore] initializing OAuth flow
2023-08-10T16:29:06.315Z - info: [main] opening in browser: https://github.com/login/oauth/authorize?client_id=3a723b10ac5575cc5bb9&scope=repo%20user%20workflow&state=817687fe-7997-4971-9074-16b46b24d779
2023-08-10T16:29:06.316Z - info: [ui] [Welcome] current sign in state not found. ignoring...
2023-08-10T16:29:08.274Z - info: [ui] [Welcome] kind Authentication is the same as Authentication. ignoring...
2023-08-10T16:29:08.489Z - info: [ui] [Welcome] kind Authentication is the same as Authentication. ignoring...
2023-08-10T16:29:08.725Z - info: [ui] [Welcome] kind Authentication is the same as Authentication. ignoring...
2023-08-10T16:29:12.378Z - info: [ui] [Welcome] kind Authentication is the same as Authentication. ignoring...
2023-08-10T16:29:12.932Z - info: [ui] [Welcome] kind Authentication is the same as Authentication. ignoring...
2023-08-10T16:29:24.198Z - info: [ui] [Welcome] kind Authentication is the same as Authentication. ignoring...
2023-08-10T16:29:24.578Z - info: [ui] [Welcome] kind Authentication is the same as Authentication. ignoring...
2023-08-10T16:29:24.988Z - info: [ui] [Welcome] kind Authentication is the same as Authentication. ignoring...
2023-08-10T16:29:26.829Z - info: [ui] [Welcome] kind Authentication is the same as Authentication. ignoring...
2023-08-10T16:29:27.800Z - info: [ui] [Welcome] kind Authentication is the same as Authentication. ignoring...
2023-08-10T16:29:28.925Z - info: [ui] [Welcome] kind Authentication is the same as Authentication. ignoring...
2023-08-10T16:29:31.663Z - info: [main] Received possible protocol arguments: 3
2023-08-10T16:29:31.664Z - info: [main] Processing protocol url
2023-08-10T16:29:31.664Z - info: [ui] [Dispatcher] requesting authenticated user
2023-08-10T16:29:31.671Z - info: [ui] [Welcome] kind Authentication is the same as Authentication. ignoring...
2023-08-10T16:29:31.714Z - info: [main] Received possible protocol arguments: 2
2023-08-10T16:29:31.716Z - info: [main] Processing protocol url
2023-08-10T16:29:32.017Z - info: [ui] [Welcome] kind Authentication is the same as Authentication. ignoring...
2023-08-10T16:29:32.359Z - info: [ui] [SignInStore] account resolved
2023-08-10T16:29:32.360Z - info: [ui] [AppStore] adding account noahbaldinger (Noah Baldinger) to store
2023-08-10T16:29:32.363Z - info: [ui] [Welcome] advancing to step: ConfigureGit
2023-08-10T16:29:32.413Z - info: [ui] [Welcome] no sign in step found. ignoring...
2023-08-10T16:29:32.661Z - info: [ui] [Welcome] no sign in step found. ignoring...
2023-08-10T16:29:32.757Z - info: [ui] Subscribed 'noahbaldinger' to Alive channel
2023-08-10T16:29:33.327Z - info: [ui] [Welcome] no sign in step found. ignoring...
2023-08-10T16:29:34.245Z - info: [ui] [Welcome] no sign in step found. ignoring...
2023-08-10T16:29:57.885Z - info: [ui] [AppStore.getAccountForRemoteURL] account found for remote: https://github.com/noahbaldinger/rust.git - noahbaldinger (has token)
2023-08-10T16:30:00.076Z - info: [ui] Executing clone: git -c credential.helper= -c init.defaultBranch=master clone --recursive --progress -- https://github.com/noahbaldinger/rust.git /home/noah/Programming/rust (took 2.181s)
2023-08-10T16:30:00.094Z - info: [ui] [AppStore] adding repository at /home/noah/Programming/rust to store
2023-08-10T16:30:00.502Z - info: [ui] [BranchPruner] No branches to prune.
2023-08-10T16:30:07.634Z - info: [ui] [AppStore.getAccountForRemoteURL] account found for remote: https://github.com/noahbaldinger/python.git - noahbaldinger (has token)
2023-08-10T16:30:08.730Z - info: [ui] Executing clone: git -c credential.helper= -c init.defaultBranch=master clone --recursive --progress -- https://github.com/noahbaldinger/python.git /home/noah/Programming/python (took 1.083s)
2023-08-10T16:30:08.737Z - info: [ui] [AppStore] adding repository at /home/noah/Programming/python to store
2023-08-10T16:30:08.808Z - info: [ui] [BranchPruner] Last prune took place 9 seconds ago - skipping
2023-08-10T16:30:09.118Z - info: [ui] [BranchPruner] No branches to prune.
2023-08-10T16:30:13.026Z - info: [ui] [AppStore.getAccountForRemoteURL] account found for remote: https://github.com/noahbaldinger/cpp.git - noahbaldinger (has token)
2023-08-10T16:30:13.374Z - info: [ui] [AppStore.withAuthenticatingUser] account found for repository: python - noahbaldinger (has token)
2023-08-10T16:30:13.802Z - info: [ui] [AppStore] adding repository at /home/noah/Programming/cpp to store
2023-08-10T16:30:13.932Z - info: [ui] [BranchPruner] Last prune took place 5 seconds ago - skipping
2023-08-10T16:30:14.184Z - info: [ui] [BranchPruner] No branches to prune.
2023-08-10T16:30:14.492Z - info: [ui] [AppStore.withAuthenticatingUser] account found for repository: cpp - noahbaldinger (has token)
2023-08-10T16:30:15.544Z - info: [ui] [RepositoryIndicatorUpdater]: Refreshing sidebar indicators for 3 repositories took 2.3s of which 0.0s paused, total 2.3s
