2023-08-07T14:32:27.781Z - info: [ui] [AppStore] loading 4 repositories from store
2023-08-07T14:32:27.888Z - info: [ui] [AppStore] found account: noahbaldinger (Noah Baldinger)
2023-08-07T14:32:28.175Z - info: [ui] launching: 3.2.7-linux2 (Linux 6.4.8-zen1-1-zen)
2023-08-07T14:32:28.175Z - info: [ui] execPath: '/opt/github-desktop/github-desktop'
2023-08-07T14:32:28.314Z - info: [ui] Subscribed 'noahbaldinger' to Alive channel
2023-08-07T14:32:28.577Z - info: [ui] Stats reported.
2023-08-07T14:32:37.084Z - info: [ui] [AppStore.getAccountForRemoteURL] account found for remote: https://github.com/noahbaldinger/Linux-Config.git - noahbaldinger (has token)
2023-08-07T14:32:37.610Z - info: [ui] [AppStore] adding repository at /home/nbaldinger/Documents/GitHub/Linux-Config to store
2023-08-07T14:32:37.730Z - info: [ui] [BranchPruner] Last prune took place 10 seconds ago - skipping
2023-08-07T14:32:52.166Z - info: [ui] [AppStore.withAuthenticatingUser] account found for repository: Linux-Config - noahbaldinger (has token)
2023-08-07T14:32:53.184Z - info: [ui] [RepositoryIndicatorUpdater]: Refreshing sidebar indicators for 5 repositories took 1.8s of which 0.0s paused, total 1.8s
2023-08-07T14:33:21.546Z - info: [ui] Subscribed 'noahbaldinger' to Alive channel
2023-08-07T14:33:21.562Z - info: [ui] [AppStore] loading 5 repositories from store
2023-08-07T14:33:21.562Z - info: [ui] [AppStore] found account: noahbaldinger (Noah Baldinger)
2023-08-07T14:33:21.598Z - info: [ui] [BranchPruner] Last prune took place 44 seconds ago - skipping
2023-08-07T14:33:21.734Z - info: [ui] launching: 3.2.7-linux2 (Linux 6.4.8-zen1-1-zen)
2023-08-07T14:33:21.739Z - info: [ui] execPath: '/opt/github-desktop/github-desktop'
2023-08-07T14:33:24.911Z - error: [ui] Branch fast-forwarding failed
Error: Unable to find path to repository on disk.
    at /home/nbaldinger/webpack:/app/node_modules/dugite/build/lib/git-process.js:121:39
    at exithandler (node:child_process:438:5)
    at ChildProcess.errorhandler (node:child_process:450:5)
    at ChildProcess.emit (node:events:513:28)
    at Process.ChildProcess._handle.onexit (node:internal/child_process:289:12)
    at onErrorNT (node:internal/child_process:476:16)
    at processTicksAndRejections (node:internal/process/task_queues:82:21)
2023-08-07T14:33:27.129Z - info: [ui] [BranchPruner] No branches to prune.
2023-08-07T14:34:07.613Z - info: [ui] [AppStore.withAuthenticatingUser] account found for repository: Linux-Config - noahbaldinger (has token)
2023-08-07T14:34:08.621Z - info: [ui] Executing fetch: git -c credential.helper= fetch --progress --prune --recurse-submodules=on-demand origin (took 1.004s)
2023-08-07T14:34:11.144Z - info: [ui] [RepositoryIndicatorUpdater]: Refreshing sidebar indicators for 3 repositories took 2.2s of which 2.0s paused, total 4.3s
2023-08-07T14:34:12.833Z - info: [ui] [AppStore.getAccountForRemoteURL] account found for remote: https://github.com/noahbaldinger/python_projects.git - noahbaldinger (has token)
2023-08-07T14:34:15.487Z - info: [ui] Executing clone: git -c credential.helper= -c init.defaultBranch=master clone --recursive --progress -- https://github.com/noahbaldinger/python_projects.git /home/nbaldinger/Programming/python_projects (took 2.652s)
2023-08-07T14:34:15.495Z - info: [ui] [AppStore] adding repository at /home/nbaldinger/Programming/python_projects to store
2023-08-07T14:34:15.618Z - info: [ui] [BranchPruner] Last prune took place 1 minute ago - skipping
2023-08-07T14:34:15.692Z - info: [ui] [BranchPruner] Last prune took place 1 minute ago - skipping
2023-08-07T14:34:18.039Z - info: [ui] [BranchPruner] Last prune took place 1 minute ago - skipping
2023-08-07T14:35:49.484Z - info: [ui] [AppStore] loading 5 repositories from store
2023-08-07T14:35:49.488Z - info: [ui] [AppStore] found account: noahbaldinger (Noah Baldinger)
2023-08-07T14:35:49.508Z - info: [ui] [BranchPruner] Last prune took place 2 minutes ago - skipping
2023-08-07T14:35:49.666Z - info: [ui] launching: 3.2.7-linux2 (Linux 6.4.8-zen1-1-zen)
2023-08-07T14:35:49.673Z - info: [ui] execPath: '/opt/github-desktop/github-desktop'
2023-08-07T14:35:49.817Z - info: [ui] Subscribed 'noahbaldinger' to Alive channel
2023-08-07T14:35:52.430Z - info: [ui] [BranchPruner] Last prune took place 3 minutes ago - skipping
2023-08-07T14:36:00.698Z - info: [ui] [BranchPruner] Last prune took place 4 minutes ago - skipping
2023-08-07T14:36:03.001Z - info: [ui] [BranchPruner] Last prune took place 3 minutes ago - skipping
2023-08-07T14:36:04.678Z - info: [ui] Executing fetch: git -c credential.helper= fetch --progress --prune --recurse-submodules=on-demand origin (took 1.701s)
2023-08-07T14:36:07.621Z - info: [ui] [AppStore.withAuthenticatingUser] account found for repository: Linux-Config - noahbaldinger (has token)
2023-08-07T14:36:07.864Z - info: [ui] [Timing] Action 'checkout branch from list' for 'noahbaldinger/Linux-Config' took 0.243s
2023-08-07T14:36:09.592Z - info: [ui] [AppStore.withAuthenticatingUser] account found for repository: Linux-Config - noahbaldinger (has token)
2023-08-07T19:09:18.297Z - info: [ui] [AppStore] loading 5 repositories from store
2023-08-07T19:09:18.301Z - info: [ui] [AppStore] found account: noahbaldinger (Noah Baldinger)
2023-08-07T19:09:18.325Z - info: [ui] [BranchPruner] Last prune took place 5 hours ago - skipping
2023-08-07T19:09:18.473Z - info: [ui] launching: 3.2.7-linux2 (Linux 6.4.8-zen1-1-zen)
2023-08-07T19:09:18.474Z - info: [ui] execPath: '/opt/github-desktop/github-desktop'
2023-08-07T19:09:18.666Z - info: [ui] Subscribed 'noahbaldinger' to Alive channel
2023-08-07T19:09:21.924Z - info: [ui] [AppStore.withAuthenticatingUser] account found for repository: Linux-Config - noahbaldinger (has token)
2023-08-07T19:09:24.450Z - info: [ui] [BranchPruner] Last prune took place 5 hours ago - skipping
2023-08-07T19:09:25.025Z - info: [ui] [BranchPruner] No branches to prune.
2023-08-07T19:09:28.215Z - info: [ui] [BranchPruner] Last prune took place 5 hours ago - skipping
2023-08-07T19:09:29.454Z - info: [ui] [AppStore.withAuthenticatingUser] account found for repository: Linux-Config - noahbaldinger (has token)
2023-08-07T19:09:32.215Z - info: [ui] [BranchPruner] Last prune took place 5 hours ago - skipping
2023-08-07T19:09:32.764Z - info: [ui] [BranchPruner] No branches to prune.
2023-08-07T19:09:34.573Z - info: [ui] [BranchPruner] Last prune took place 10 seconds ago - skipping
2023-08-07T19:09:42.884Z - info: [ui] [BranchPruner] No branches to prune.
2023-08-07T19:10:09.734Z - info: [ui] Subscribed 'noahbaldinger' to Alive channel
2023-08-07T19:10:09.751Z - info: [ui] [AppStore] loading 5 repositories from store
2023-08-07T19:10:09.751Z - info: [ui] [AppStore] found account: noahbaldinger (Noah Baldinger)
2023-08-07T19:10:09.786Z - info: [ui] [BranchPruner] Last prune took place 27 seconds ago - skipping
2023-08-07T19:10:09.936Z - info: [ui] launching: 3.2.7-linux2 (Linux 6.4.8-zen1-1-zen)
2023-08-07T19:10:09.942Z - info: [ui] execPath: '/opt/github-desktop/github-desktop'
2023-08-07T19:10:12.086Z - info: [ui] [RepositoryIndicatorUpdater]: Refreshing sidebar indicators for 4 repositories took 0.3s of which 0.0s paused, total 0.3s
2023-08-07T19:10:12.721Z - error: [ui] Branch fast-forwarding failed
Error: Unable to find path to repository on disk.
    at /home/nbaldinger/webpack:/app/node_modules/dugite/build/lib/git-process.js:121:39
    at exithandler (node:child_process:438:5)
    at ChildProcess.errorhandler (node:child_process:450:5)
    at ChildProcess.emit (node:events:513:28)
    at Process.ChildProcess._handle.onexit (node:internal/child_process:289:12)
    at onErrorNT (node:internal/child_process:476:16)
    at processTicksAndRejections (node:internal/process/task_queues:82:21)
2023-08-07T19:10:12.740Z - info: [ui] [BranchPruner] Last prune took place 1 minute ago - skipping
2023-08-07T19:10:14.362Z - info: [ui] [BranchPruner] Last prune took place 32 seconds ago - skipping
2023-08-07T19:10:16.117Z - error: [ui] Branch fast-forwarding failed
Error: Unable to find path to repository on disk.
    at /home/nbaldinger/webpack:/app/node_modules/dugite/build/lib/git-process.js:121:39
    at exithandler (node:child_process:438:5)
    at ChildProcess.errorhandler (node:child_process:450:5)
    at ChildProcess.emit (node:events:513:28)
    at Process.ChildProcess._handle.onexit (node:internal/child_process:289:12)
    at onErrorNT (node:internal/child_process:476:16)
    at processTicksAndRejections (node:internal/process/task_queues:82:21)
2023-08-07T19:10:16.138Z - info: [ui] [BranchPruner] Last prune took place 43 seconds ago - skipping
2023-08-07T19:10:17.154Z - info: [ui] [BranchPruner] Last prune took place 34 seconds ago - skipping
2023-08-07T19:10:19.134Z - info: [ui] [BranchPruner] Last prune took place 5 hours ago - skipping
2023-08-07T19:10:20.016Z - info: [ui] [BranchPruner] Last prune took place 5 hours ago - skipping
2023-08-07T19:10:21.678Z - info: [ui] [BranchPruner] Last prune took place 5 hours ago - skipping
2023-08-07T19:10:30.502Z - info: [ui] [AppStore.getAccountForRemoteURL] account found for remote: https://github.com/noahbaldinger/CPlusPlus.git - noahbaldinger (has token)
2023-08-07T19:10:31.212Z - info: [ui] [AppStore] adding repository at /home/nbaldinger/Programming/CPlusPlus to store
2023-08-07T19:10:31.328Z - info: [ui] [BranchPruner] Last prune took place 5 hours ago - skipping
2023-08-07T19:10:31.412Z - info: [ui] [BranchPruner] Last prune took place 1 minute ago - skipping
2023-08-07T19:10:35.478Z - info: [ui] [AppStore.getAccountForRemoteURL] account found for remote: https://github.com/noahbaldinger/python.git - noahbaldinger (has token)
2023-08-07T19:10:36.394Z - info: [ui] [AppStore] adding repository at /home/nbaldinger/Programming/python to store
2023-08-07T19:10:36.510Z - info: [ui] [BranchPruner] Last prune took place 1 minute ago - skipping
2023-08-07T19:10:36.593Z - info: [ui] [BranchPruner] Last prune took place 1 minute ago - skipping
