2023-07-29T16:22:26.513Z - info: [ui] [AppStore] loading 0 repositories from store
2023-07-29T16:22:26.556Z - info: [ui] [Welcome] no sign in step found. ignoring...
2023-07-29T16:22:26.558Z - info: [ui] launching: 3.2.7-linux1 (Linux 6.4.7-zen1-1-zen)
2023-07-29T16:22:26.559Z - info: [ui] execPath: '/opt/github-desktop/github-desktop'
2023-07-29T16:22:26.566Z - info: [ui] [Welcome] no sign in step found. ignoring...
2023-07-29T16:22:26.579Z - info: [ui] [Welcome] no sign in step found. ignoring...
2023-07-29T16:22:26.878Z - info: [ui] Opt in reported.
2023-07-29T16:22:28.662Z - info: [ui] [Welcome] no sign in step found. ignoring...
2023-07-29T16:22:30.358Z - info: [ui] [Welcome] advancing to step: SignInToDotComWithBrowser
2023-07-29T16:22:30.358Z - info: [ui] [SignInStore] initializing OAuth flow
2023-07-29T16:22:30.362Z - info: [main] opening in browser: https://github.com/login/oauth/authorize?client_id=3a723b10ac5575cc5bb9&scope=repo%20user%20workflow&state=b2f0f053-edb6-46f0-847e-b58084e4cdca
2023-07-29T16:22:30.362Z - info: [ui] [Welcome] current sign in state not found. ignoring...
2023-07-29T16:22:31.011Z - info: [ui] [Welcome] kind Authentication is the same as Authentication. ignoring...
2023-07-29T16:22:31.112Z - info: [ui] [Welcome] kind Authentication is the same as Authentication. ignoring...
2023-07-29T16:22:31.228Z - info: [ui] [Welcome] kind Authentication is the same as Authentication. ignoring...
2023-07-29T16:22:31.762Z - info: [ui] [Welcome] kind Authentication is the same as Authentication. ignoring...
2023-07-29T16:22:32.529Z - info: [ui] [Welcome] kind Authentication is the same as Authentication. ignoring...
2023-07-29T16:22:34.796Z - info: [ui] [Welcome] kind Authentication is the same as Authentication. ignoring...
2023-07-29T16:22:34.807Z - info: [main] Received possible protocol arguments: 3
2023-07-29T16:22:34.807Z - info: [main] Processing protocol url
2023-07-29T16:22:34.807Z - info: [ui] [Dispatcher] requesting authenticated user
2023-07-29T16:22:34.811Z - info: [ui] [Welcome] kind Authentication is the same as Authentication. ignoring...
2023-07-29T16:22:34.873Z - info: [main] Received possible protocol arguments: 2
2023-07-29T16:22:34.875Z - info: [main] Processing protocol url
2023-07-29T16:22:34.911Z - info: [ui] [Welcome] kind Authentication is the same as Authentication. ignoring...
2023-07-29T16:22:35.439Z - info: [ui] [SignInStore] account resolved
2023-07-29T16:22:35.440Z - info: [ui] [AppStore] adding account noahbaldinger (Noah Baldinger) to store
2023-07-29T16:22:35.444Z - info: [ui] [Welcome] advancing to step: ConfigureGit
2023-07-29T16:22:35.467Z - error: [ui] Error adding account 'noahbaldinger'
Error: The name org.freedesktop.secrets was not provided by any .service files
2023-07-29T16:22:35.470Z - info: [ui] [Welcome] no sign in step found. ignoring...
2023-07-29T16:22:37.080Z - info: [ui] [Welcome] no sign in step found. ignoring...
2023-07-29T16:23:12.466Z - info: [ui] [AppStore] adding repository at /home/nbaldinger/Programming/CPP_Projects to store
2023-07-29T16:23:33.355Z - info: [ui] [Timing] Action 'create commit' for 'CPP_Projects' took 0.036s
2023-07-29T16:23:56.206Z - info: [ui] storing generic credentials for 'github.com' and 'noahbaldinger'
2023-07-29T16:23:56.211Z - error: [ui] Error saving generic git credentials: noahbaldinger@github.com
Error: The name org.freedesktop.secrets was not provided by any .service files
2023-07-29T16:24:53.468Z - info: [ui] [RepositoryIndicatorUpdater]: Refreshing sidebar indicators for 1 repositories took 0.0s of which 0.0s paused, total 0.0s
2023-07-29T16:24:57.173Z - info: [ui] [AppStore] loading 1 repositories from store
2023-07-29T16:24:57.328Z - info: [ui] launching: 3.2.7-linux1 (Linux 6.4.7-zen1-1-zen)
2023-07-29T16:24:57.332Z - info: [ui] execPath: '/opt/github-desktop/github-desktop'
2023-07-29T16:24:57.779Z - info: [ui] Stats reported.
2023-07-29T16:25:05.573Z - info: [ui] storing generic credentials for 'github.com' and 'noahbaldinger'
2023-07-29T16:25:28.741Z - info: [ui] [SignInStore] initializing OAuth flow
2023-07-29T16:25:28.744Z - info: [main] opening in browser: https://github.com/login/oauth/authorize?client_id=3a723b10ac5575cc5bb9&scope=repo%20user%20workflow&state=a6c8492f-f29f-43d4-823f-f48c532fbc39
2023-07-29T16:25:30.892Z - info: [main] Received possible protocol arguments: 3
2023-07-29T16:25:30.893Z - info: [main] Processing protocol url
2023-07-29T16:25:30.893Z - info: [ui] [Dispatcher] requesting authenticated user
2023-07-29T16:25:30.942Z - info: [main] Received possible protocol arguments: 2
2023-07-29T16:25:31.488Z - info: [ui] [SignInStore] account resolved
2023-07-29T16:25:31.488Z - info: [ui] [AppStore] adding account noahbaldinger (Noah Baldinger) to store
2023-07-29T16:25:31.803Z - info: [ui] Subscribed 'noahbaldinger' to Alive channel
2023-07-29T16:25:35.237Z - info: [ui] [AppStore.withAuthenticatingUser] account found for repository: CPP_Projects - noahbaldinger (has token)
2023-07-29T16:25:35.448Z - info: [ui] [BranchPruner] No branches to prune.
2023-07-29T16:25:43.614Z - info: [ui] [BranchPruner] Last prune took place 8 seconds ago - skipping
2023-07-29T16:25:45.991Z - info: [ui] [AppStore.withAuthenticatingUser] account found for repository: CPP_Projects - noahbaldinger (has token)
