2023-08-04T13:36:49.230Z - info: [ui] [AppStore] loading 1 repositories from store
2023-08-04T13:36:49.235Z - info: [ui] [AppStore] found account: noahbaldinger (Noah Baldinger)
2023-08-04T13:36:49.575Z - info: [ui] launching: 3.2.7-linux2 (Linux 6.4.7-zen1-2-zen)
2023-08-04T13:36:49.626Z - info: [ui] execPath: '/opt/github-desktop/github-desktop'
2023-08-04T13:36:49.760Z - info: [ui] Subscribed 'noahbaldinger' to Alive channel
2023-08-04T13:36:50.057Z - info: [ui] Stats reported.
2023-08-04T13:37:15.728Z - info: [ui] [AppStore] adding repository at /home/nbaldinger/Programming/rust to store
2023-08-04T13:37:15.836Z - error: [ui] Could not load new contents for syntax highlighting
Error: EISDIR: illegal operation on a directory, read
2023-08-04T13:37:23.566Z - error: [ui] `git commit -F -` exited with an unexpected code: 1.
stdout:
On branch master

Initial commit

Untracked files:
  (use "git add <file>..." to include in what will be committed)
	guessing_game/
	hellocargo/

nothing added to commit but untracked files present (use "git add" to track)

2023-08-04T13:37:23.566Z - info: [ui] [Timing] Action 'create commit' for 'rust' took 0.023s
2023-08-04T13:37:28.559Z - error: [ui] Could not load new contents for syntax highlighting
Error: EISDIR: illegal operation on a directory, read
2023-08-04T13:37:28.992Z - error: [ui] Could not load new contents for syntax highlighting
Error: EISDIR: illegal operation on a directory, read
2023-08-04T13:37:37.020Z - error: [ui] Could not load new contents for syntax highlighting
Error: EISDIR: illegal operation on a directory, read
2023-08-04T13:37:44.773Z - error: [ui] `git commit -F -` exited with an unexpected code: 1.
stdout:
On branch master

Initial commit

Untracked files:
  (use "git add <file>..." to include in what will be committed)
	guessing_game/
	hellocargo/

nothing added to commit but untracked files present (use "git add" to track)

2023-08-04T13:37:44.774Z - info: [ui] [Timing] Action 'create commit' for 'noahbaldinger/rust' took 0.020s
2023-08-04T13:37:49.598Z - info: [ui] [BranchPruner] Last prune took place 1 minute ago - skipping
2023-08-04T13:38:06.717Z - info: [ui] [Timing] Action 'create commit' for 'noahbaldinger/CPP_Projects' took 0.047s
2023-08-04T13:38:09.425Z - info: [ui] [AppStore.withAuthenticatingUser] account found for repository: CPP_Projects - noahbaldinger (has token)
2023-08-04T13:38:10.475Z - info: [ui] Executing push: git -c credential.helper= push origin master:master --progress (took 1.044s)
2023-08-04T13:38:12.691Z - error: [ui] Could not load new contents for syntax highlighting
Error: EISDIR: illegal operation on a directory, read
2023-08-04T13:38:12.729Z - info: [ui] [BranchPruner] Last prune took place 36 seconds ago - skipping
2023-08-04T13:38:18.909Z - error: [ui] Could not load new contents for syntax highlighting
Error: EISDIR: illegal operation on a directory, read
2023-08-04T13:38:39.758Z - info: [ui] [Timing] Action 'create commit' for 'noahbaldinger/rust' took 0.133s
2023-08-04T13:38:41.340Z - info: [ui] [AppStore.withAuthenticatingUser] account found for repository: rust - noahbaldinger (has token)
2023-08-04T13:38:42.974Z - info: [ui] Executing push: git -c credential.helper= push origin master --set-upstream --progress (took 1.627s)
2023-08-04T13:38:46.296Z - info: [ui] [AppStore.withAuthenticatingUser] account found for repository: rust - noahbaldinger (has token)
